<?xml version="1.0" encoding="UTF-8"?>
<!-- Generated by org.testng.reporters.JUnitXMLReporter -->
<testsuite ignored="0" hostname="Pranit-Dhole07" failures="0" tests="24" name="Test" time="796.829" errors="0" timestamp="2022-11-23T08:27:31 IST">
  <testcase classname="appointments_tests.Test_Consultation_appointment_Booking" name="Book_Consultation_Appoinments" time="44.999"/>
  <testcase classname="costCalculator_tests.Test_CalculateCost" name="Tes_Calculate_Cost_For_Procedure" time="12.581"/>
  <testcase classname="costCalculator_tests.Test_CalculateCost" name="Tes_Calculate_Cost_For_Procedure" time="11.354"/>
  <testcase classname="feedback_tests.Test_NewFeedback" name="Create_Feedback" time="18.299"/>
  <testcase classname="feedback_tests.Test_NewFeedback" name="Share_Feedback_Through_Mail" time="14.466"/>
  <testcase classname="feedback_tests.Test_NewFeedback" name="Share_Feedback_Through_Whatsapp" time="10.11"/>
  <testcase classname="payments_tests.Test_Create_RetainerInvoice" name="Create_New_RetainerInvoice" time="22.898"/>
  <testcase classname="payments_tests.Test_Create_RetainerInvoice" name="Create_New_RetainerInvoice" time="21.583"/>
  <testcase classname="payments_tests.Test_Create_RetainerInvoice" name="Create_New_RetainerInvoice" time="23.103"/>
  <testcase classname="login_Roles_tests.Test_Login_For_Different_Roles" name="Different_Roles_Login" time="30.513"/>
  <testcase classname="login_Roles_tests.Test_Login_For_Different_Roles" name="Different_Roles_Login" time="28.946"/>
  <testcase classname="login_Roles_tests.Test_Login_For_Different_Roles" name="Different_Roles_Login" time="34.899"/>
  <testcase classname="login_Roles_tests.Test_Login_For_Different_Roles" name="Different_Roles_Login" time="28.28"/>
  <testcase classname="login_Roles_tests.Test_Login_For_Different_Roles" name="Different_Roles_Login" time="26.584"/>
  <testcase classname="patients_tests.Test_NewPatients_Registration" name="Register" time="12.703"/>
  <testcase classname="appointments_tests.Test_Counselling_Appointment_Booking" name="Book_Counselling_Appoinments" time="31.725"/>
  <testcase classname="payments_tests.Test_CreditNote_from_Invoice" name="Create_CreditNote_From_Invoice" time="13.409"/>
  <testcase classname="payments_tests.Test_CreditNote_from_Invoice" name="Create_CreditNote_From_Invoice" time="12.828"/>
  <testcase classname="payments_tests.Test_CreditNote_from_Invoice" name="Delete_CreditNote_Invoice" time="10.179"/>
  <testcase classname="payments_tests.Test_CreditNote_from_Invoice" name="Delete_CreditNote_Invoice" time="13.721"/>
  <testcase classname="payments_tests.Test_NewCreditNote" name="Create_CreditNote_For_Procedure" time="15.76"/>
  <testcase classname="payments_tests.Test_NewCreditNote" name="Create_CreditNote_For_Procedure" time="11.403"/>
  <testcase classname="payments_tests.Test_NewCreditNote" name="Create_CreditNote_For_Product" time="16.705"/>
  <testcase classname="payments_tests.Test_NewCreditNote" name="Create_CreditNote_For_Product" time="11.561"/>
</testsuite> <!-- Test -->
